{"numTotalTestSuites":8,"numPassedTestSuites":8,"numFailedTestSuites":0,"numPendingTestSuites":0,"numTotalTests":14,"numPassedTests":14,"numFailedTests":0,"numPendingTests":0,"numTodoTests":0,"snapshot":{"added":0,"failure":false,"filesAdded":0,"filesRemoved":0,"filesRemovedList":[],"filesUnmatched":0,"filesUpdated":0,"matched":0,"total":0,"unchecked":0,"uncheckedKeysByFile":[],"unmatched":0,"updated":0,"didUpdate":false},"startTime":1755903961570,"success":true,"testResults":[{"assertionResults":[{"ancestorTitles":["Hardware Endurance Soak Testing","1000-Cycle Endurance Testing"],"fullName":"Hardware Endurance Soak Testing 1000-Cycle Endurance Testing should complete 1000 open-close cycles successfully","status":"passed","title":"should complete 1000 open-close cycles successfully","duration":21.791999995708466,"failureMessages":[],"location":{"line":56,"column":5},"meta":{}},{"ancestorTitles":["Hardware Endurance Soak Testing","1000-Cycle Endurance Testing"],"fullName":"Hardware Endurance Soak Testing 1000-Cycle Endurance Testing should detect and report hardware failures","status":"passed","title":"should detect and report hardware failures","duration":2.0709000006318092,"failureMessages":[],"location":{"line":76,"column":5},"meta":{}},{"ancestorTitles":["Hardware Endurance Soak Testing","1000-Cycle Endurance Testing"],"fullName":"Hardware Endurance Soak Testing 1000-Cycle Endurance Testing should track cycle counters and maintenance scheduling","status":"passed","title":"should track cycle counters and maintenance scheduling","duration":1.7674999982118607,"failureMessages":[],"location":{"line":99,"column":5},"meta":{}},{"ancestorTitles":["Hardware Endurance Soak Testing","1000-Cycle Endurance Testing"],"fullName":"Hardware Endurance Soak Testing 1000-Cycle Endurance Testing should automatically block locker after failure threshold","status":"passed","title":"should automatically block locker after failure threshold","duration":1.5685999989509583,"failureMessages":[],"location":{"line":128,"column":5},"meta":{}},{"ancestorTitles":["Hardware Endurance Soak Testing","Relay and Lock Bench Rig Testing"],"fullName":"Hardware Endurance Soak Testing Relay and Lock Bench Rig Testing should test all relay channels sequentially","status":"passed","title":"should test all relay channels sequentially","duration":2.589800000190735,"failureMessages":[],"location":{"line":160,"column":5},"meta":{}},{"ancestorTitles":["Hardware Endurance Soak Testing","Relay and Lock Bench Rig Testing"],"fullName":"Hardware Endurance Soak Testing Relay and Lock Bench Rig Testing should detect faulty relay channels","status":"passed","title":"should detect faulty relay channels","duration":2.2999000027775764,"failureMessages":[],"location":{"line":180,"column":5},"meta":{}},{"ancestorTitles":["Hardware Endurance Soak Testing","Relay and Lock Bench Rig Testing"],"fullName":"Hardware Endurance Soak Testing Relay and Lock Bench Rig Testing should measure timing accuracy and consistency","status":"passed","title":"should measure timing accuracy and consistency","duration":1246.10150000453,"failureMessages":[],"location":{"line":200,"column":5},"meta":{}},{"ancestorTitles":["Hardware Endurance Soak Testing","Environmental and Stress Testing"],"fullName":"Hardware Endurance Soak Testing Environmental and Stress Testing should handle rapid successive operations","status":"passed","title":"should handle rapid successive operations","duration":1.7161999940872192,"failureMessages":[],"location":{"line":233,"column":5},"meta":{}},{"ancestorTitles":["Hardware Endurance Soak Testing","Environmental and Stress Testing"],"fullName":"Hardware Endurance Soak Testing Environmental and Stress Testing should test burst opening reliability","status":"passed","title":"should test burst opening reliability","duration":5440.747999995947,"failureMessages":[],"location":{"line":255,"column":5},"meta":{}},{"ancestorTitles":["Hardware Endurance Soak Testing","Environmental and Stress Testing"],"fullName":"Hardware Endurance Soak Testing Environmental and Stress Testing should monitor power consumption patterns","status":"passed","title":"should monitor power consumption patterns","duration":1864.7668999955058,"failureMessages":[],"location":{"line":278,"column":5},"meta":{}},{"ancestorTitles":["Hardware Endurance Soak Testing","Failure Analysis and Reporting"],"fullName":"Hardware Endurance Soak Testing Failure Analysis and Reporting should generate comprehensive failure reports","status":"passed","title":"should generate comprehensive failure reports","duration":1.992299996316433,"failureMessages":[],"location":{"line":303,"column":5},"meta":{}},{"ancestorTitles":["Hardware Endurance Soak Testing","Failure Analysis and Reporting"],"fullName":"Hardware Endurance Soak Testing Failure Analysis and Reporting should track failure patterns over time","status":"passed","title":"should track failure patterns over time","duration":2.2122000008821487,"failureMessages":[],"location":{"line":333,"column":5},"meta":{}},{"ancestorTitles":["Hardware Endurance Soak Testing","Failure Analysis and Reporting"],"fullName":"Hardware Endurance Soak Testing Failure Analysis and Reporting should export test results for analysis","status":"passed","title":"should export test results for analysis","duration":1.9446000009775162,"failureMessages":[],"location":{"line":354,"column":5},"meta":{}}],"startTime":1755903962317,"endTime":1755903970909.9446,"status":"passed","message":"","name":"C:/Users/emre9/Desktop/PERSONEL/eformLockroom/app/kiosk/src/__tests__/soak/hardware-endurance.test.ts"},{"assertionResults":[{"ancestorTitles":["Simple Soak Test"],"fullName":"Simple Soak Test should run a basic test","status":"passed","title":"should run a basic test","duration":1.6274999976158142,"failureMessages":[],"location":{"line":4,"column":3},"meta":{}}],"startTime":1755903962149,"endTime":1755903962150.6274,"status":"passed","message":"","name":"C:/Users/emre9/Desktop/PERSONEL/eformLockroom/app/kiosk/src/__tests__/soak/simple-test.test.ts"}]}